2026-06-15 17:36:18,891 [    INFO] Starting collection for sunny2kk9/Blockchain | branch: assignment3
2026-06-15 17:36:19,492 [    INFO] Authenticated as: sunny2kk9
2026-06-15 17:36:19,494 [    INFO] Submissions will be written to: /home/vishal/projects/Blockchain/submissions
2026-06-15 17:36:23,460 [    INFO] Found 62 fork(s) for sunny2kk9/Blockchain
2026-06-15 17:36:23,461 [    INFO] 
────────────────────────────────────────────────────────────
2026-06-15 17:36:23,461 [    INFO] Processing fork: youfoundmee — https://github.com/youfoundmee/Blockchain
2026-06-15 17:36:24,091 [    INFO]   Branch 'assignment3' NOT FOUND — skipping
2026-06-15 17:36:24,091 [    INFO] 
────────────────────────────────────────────────────────────
2026-06-15 17:36:24,092 [    INFO] Processing fork: shantappa-hulsure — https://github.com/shantappa-hulsure/Blockchain
2026-06-15 17:36:24,700 [    INFO]   Branch 'assignment3' NOT FOUND — skipping
2026-06-15 17:36:24,701 [    INFO] 
────────────────────────────────────────────────────────────
2026-06-15 17:36:24,701 [    INFO] Processing fork: imranasumbul — https://github.com/imranasumbul/Blockchain
2026-06-15 17:36:25,326 [    INFO]   Branch 'assignment3' NOT FOUND — skipping
2026-06-15 17:36:25,327 [    INFO] 
────────────────────────────────────────────────────────────
2026-06-15 17:36:25,327 [    INFO] Processing fork: vivekathore — https://github.com/vivekathore/Blockchain
2026-06-15 17:36:25,932 [    INFO]   Branch 'assignment3' NOT FOUND — skipping
2026-06-15 17:36:25,932 [    INFO] 
────────────────────────────────────────────────────────────
2026-06-15 17:36:25,932 [    INFO] Processing fork: krahul70248 — https://github.com/krahul70248/Blockchain
2026-06-15 17:36:26,542 [    INFO]   Branch 'assignment3' NOT FOUND — skipping
2026-06-15 17:36:26,543 [    INFO] 
────────────────────────────────────────────────────────────
2026-06-15 17:36:26,543 [    INFO] Processing fork: abinash-30 — https://github.com/abinash-30/Blockchain
2026-06-15 17:36:27,146 [    INFO]   Branch 'assignment3' NOT FOUND — skipping
2026-06-15 17:36:27,146 [    INFO] 
────────────────────────────────────────────────────────────
2026-06-15 17:36:27,146 [    INFO] Processing fork: punityadav2 — https://github.com/punityadav2/Blockchain
2026-06-15 17:36:27,772 [    INFO]   Branch 'assignment3' NOT FOUND — skipping
2026-06-15 17:36:27,773 [    INFO] 
────────────────────────────────────────────────────────────
2026-06-15 17:36:27,773 [    INFO] Processing fork: BanavathMurali — https://github.com/BanavathMurali/Blockchain
2026-06-15 17:36:28,452 [    INFO]   Branch 'assignment3' NOT FOUND — skipping
2026-06-15 17:36:28,452 [    INFO] 
────────────────────────────────────────────────────────────
2026-06-15 17:36:28,452 [    INFO] Processing fork: goutam2004 — https://github.com/goutam2004/Blockchain
2026-06-15 17:36:29,056 [    INFO]   Branch 'assignment3' NOT FOUND — skipping
2026-06-15 17:36:29,056 [    INFO] 
────────────────────────────────────────────────────────────
2026-06-15 17:36:29,056 [    INFO] Processing fork: Amanverma1234512345 — https://github.com/Amanverma1234512345/Blockchain
2026-06-15 17:36:29,682 [    INFO]   Branch 'assignment3' NOT FOUND — skipping
2026-06-15 17:36:29,683 [    INFO] 
────────────────────────────────────────────────────────────
2026-06-15 17:36:29,683 [    INFO] Processing fork: BeingAnurag — https://github.com/BeingAnurag/Blockchain
2026-06-15 17:36:30,317 [    INFO]   Branch 'assignment3' NOT FOUND — skipping
2026-06-15 17:36:30,317 [    INFO] 
────────────────────────────────────────────────────────────
2026-06-15 17:36:30,317 [    INFO] Processing fork: MrImmortal09 — https://github.com/MrImmortal09/Blockchain
2026-06-15 17:36:30,988 [    INFO]   Branch 'assignment3' NOT FOUND — skipping
2026-06-15 17:36:30,989 [    INFO] 
────────────────────────────────────────────────────────────
2026-06-15 17:36:30,989 [    INFO] Processing fork: Sailokesh321 — https://github.com/Sailokesh321/Blockchain-IT-57
2026-06-15 17:36:31,634 [    INFO]   Branch 'assignment3' NOT FOUND — skipping
2026-06-15 17:36:31,635 [    INFO] 
────────────────────────────────────────────────────────────
2026-06-15 17:36:31,635 [    INFO] Processing fork: VedantJadhav0017 — https://github.com/VedantJadhav0017/Blockchain
2026-06-15 17:36:32,261 [    INFO]   Branch 'assignment3' NOT FOUND — skipping
2026-06-15 17:36:32,261 [    INFO] 
────────────────────────────────────────────────────────────
2026-06-15 17:36:32,261 [    INFO] Processing fork: Aditya2023003 — https://github.com/Aditya2023003/Blockchain
2026-06-15 17:36:32,863 [    INFO]   Branch 'assignment3' NOT FOUND — skipping
2026-06-15 17:36:32,863 [    INFO] 
────────────────────────────────────────────────────────────
2026-06-15 17:36:32,863 [    INFO] Processing fork: atulgond — https://github.com/atulgond/Blockchain
2026-06-15 17:36:33,527 [    INFO]   Branch 'assignment3' NOT FOUND — skipping
2026-06-15 17:36:33,527 [    INFO] 
────────────────────────────────────────────────────────────
2026-06-15 17:36:33,527 [    INFO] Processing fork: SohamBalwant — https://github.com/SohamBalwant/Blockchain
2026-06-15 17:36:34,140 [    INFO]   Branch 'assignment3' NOT FOUND — skipping
2026-06-15 17:36:34,140 [    INFO] 
────────────────────────────────────────────────────────────
2026-06-15 17:36:34,140 [    INFO] Processing fork: sahinkaushar17 — https://github.com/sahinkaushar17/Blockchain
2026-06-15 17:36:34,753 [    INFO]   Branch 'assignment3' NOT FOUND — skipping
2026-06-15 17:36:34,754 [    INFO] 
────────────────────────────────────────────────────────────
2026-06-15 17:36:34,754 [    INFO] Processing fork: KaramtotPavan — https://github.com/KaramtotPavan/Blockchain
2026-06-15 17:36:35,454 [    INFO]   Branch 'assignment3' NOT FOUND — skipping
2026-06-15 17:36:35,454 [    INFO] 
────────────────────────────────────────────────────────────
2026-06-15 17:36:35,454 [    INFO] Processing fork: sairamsharan — https://github.com/sairamsharan/Blockchain
2026-06-15 17:36:36,072 [    INFO]   Branch 'assignment3' NOT FOUND — skipping
2026-06-15 17:36:36,073 [    INFO] 
────────────────────────────────────────────────────────────
2026-06-15 17:36:36,073 [    INFO] Processing fork: mani4002 — https://github.com/mani4002/Blockchain
2026-06-15 17:36:36,705 [    INFO]   Branch 'assignment3' NOT FOUND — skipping
2026-06-15 17:36:36,705 [    INFO] 
────────────────────────────────────────────────────────────
2026-06-15 17:36:36,705 [    INFO] Processing fork: tharunmudavath123 — https://github.com/tharunmudavath123/Blockchain
2026-06-15 17:36:37,341 [    INFO]   Branch 'assignment3' NOT FOUND — skipping
2026-06-15 17:36:37,341 [    INFO] 
────────────────────────────────────────────────────────────
2026-06-15 17:36:37,341 [    INFO] Processing fork: dheeraj2323 — https://github.com/dheeraj2323/Blockchain
2026-06-15 17:36:37,989 [    INFO]   Branch 'assignment3' NOT FOUND — skipping
2026-06-15 17:36:37,989 [    INFO] 
────────────────────────────────────────────────────────────
2026-06-15 17:36:37,989 [    INFO] Processing fork: arjunkunwar16 — https://github.com/arjunkunwar16/Blockchain
2026-06-15 17:36:38,629 [    INFO]   Branch 'assignment3' found ✓
2026-06-15 17:36:39,888 [    INFO]   Copied 49 file(s) → /home/vishal/projects/Blockchain/submissions/arjunkunwar16
2026-06-15 17:36:39,888 [    INFO] 
────────────────────────────────────────────────────────────
2026-06-15 17:36:39,888 [    INFO] Processing fork: kunwararjun — https://github.com/kunwararjun/BlockchainAssignment
2026-06-15 17:36:40,269 [    INFO]   Branch 'assignment3' NOT FOUND — skipping
2026-06-15 17:36:40,270 [    INFO] 
────────────────────────────────────────────────────────────
2026-06-15 17:36:40,270 [    INFO] Processing fork: Lakshya0000 — https://github.com/Lakshya0000/Blockchain
2026-06-15 17:36:40,910 [    INFO]   Branch 'assignment3' NOT FOUND — skipping
2026-06-15 17:36:40,911 [    INFO] 
────────────────────────────────────────────────────────────
2026-06-15 17:36:40,911 [    INFO] Processing fork: digvijay-555 — https://github.com/digvijay-555/Blockchain
2026-06-15 17:36:41,536 [    INFO]   Branch 'assignment3' NOT FOUND — skipping
2026-06-15 17:36:41,536 [    INFO] 
────────────────────────────────────────────────────────────
2026-06-15 17:36:41,536 [    INFO] Processing fork: leelaakash — https://github.com/leelaakash/Blockchain
2026-06-15 17:36:42,153 [    INFO]   Branch 'assignment3' NOT FOUND — skipping
2026-06-15 17:36:42,153 [    INFO] 
────────────────────────────────────────────────────────────
2026-06-15 17:36:42,154 [    INFO] Processing fork: Aryansharma12344323 — https://github.com/Aryansharma12344323/BlockchainAssignment
2026-06-15 17:36:42,772 [    INFO]   Branch 'assignment3' NOT FOUND — skipping
2026-06-15 17:36:42,773 [    INFO] 
────────────────────────────────────────────────────────────
2026-06-15 17:36:42,773 [    INFO] Processing fork: NotVishesh — https://github.com/NotVishesh/Blockchain-acads
2026-06-15 17:36:43,396 [    INFO]   Branch 'assignment3' NOT FOUND — skipping
2026-06-15 17:36:43,396 [    INFO] 
────────────────────────────────────────────────────────────
2026-06-15 17:36:43,396 [    INFO] Processing fork: adarshverma27 — https://github.com/adarshverma27/Blockchain
2026-06-15 17:36:44,026 [    INFO]   Branch 'assignment3' NOT FOUND — skipping
2026-06-15 17:36:44,026 [    INFO] 
────────────────────────────────────────────────────────────
2026-06-15 17:36:44,026 [    INFO] Processing fork: ashwinisingh17 — https://github.com/ashwinisingh17/Blockchain
2026-06-15 17:36:44,621 [    INFO]   Branch 'assignment3' NOT FOUND — skipping
2026-06-15 17:36:44,621 [    INFO] 
────────────────────────────────────────────────────────────
2026-06-15 17:36:44,621 [    INFO] Processing fork: Aditya-Singh-Chandel — https://github.com/Aditya-Singh-Chandel/Blockchain
2026-06-15 17:36:45,230 [    INFO]   Branch 'assignment3' NOT FOUND — skipping
2026-06-15 17:36:45,230 [    INFO] 
────────────────────────────────────────────────────────────
2026-06-15 17:36:45,231 [    INFO] Processing fork: AmanChoudhary17 — https://github.com/AmanChoudhary17/Blockchain
2026-06-15 17:36:45,853 [    INFO]   Branch 'assignment3' NOT FOUND — skipping
2026-06-15 17:36:45,853 [    INFO] 
────────────────────────────────────────────────────────────
2026-06-15 17:36:45,854 [    INFO] Processing fork: Siri-Maya-Lalitha-10 — https://github.com/Siri-Maya-Lalitha-10/Blockchain
2026-06-15 17:36:46,496 [    INFO]   Branch 'assignment3' NOT FOUND — skipping
2026-06-15 17:36:46,497 [    INFO] 
────────────────────────────────────────────────────────────
2026-06-15 17:36:46,497 [    INFO] Processing fork: kirulegion — https://github.com/kirulegion/Blockchain
2026-06-15 17:36:47,084 [    INFO]   Branch 'assignment3' NOT FOUND — skipping
2026-06-15 17:36:47,084 [    INFO] 
────────────────────────────────────────────────────────────
2026-06-15 17:36:47,085 [    INFO] Processing fork: arunkumar-49 — https://github.com/arunkumar-49/Blockchain
2026-06-15 17:36:47,684 [    INFO]   Branch 'assignment3' NOT FOUND — skipping
2026-06-15 17:36:47,685 [    INFO] 
────────────────────────────────────────────────────────────
2026-06-15 17:36:47,685 [    INFO] Processing fork: AshwinGajbhiye — https://github.com/AshwinGajbhiye/Blockchain
2026-06-15 17:36:48,305 [    INFO]   Branch 'assignment3' NOT FOUND — skipping
2026-06-15 17:36:48,305 [    INFO] 
────────────────────────────────────────────────────────────
2026-06-15 17:36:48,305 [    INFO] Processing fork: Vedamsh27 — https://github.com/Vedamsh27/Blockchain
2026-06-15 17:36:48,921 [    INFO]   Branch 'assignment3' NOT FOUND — skipping
2026-06-15 17:36:48,921 [    INFO] 
────────────────────────────────────────────────────────────
2026-06-15 17:36:48,921 [    INFO] Processing fork: sumit0770 — https://github.com/sumit0770/Blockchain
2026-06-15 17:36:48,911 [    INFO]   Branch 'assignment3' found ✓
2026-06-15 17:36:49,796 [    INFO]   Copied 19 file(s) → /home/vishal/projects/Blockchain/submissions/sumit0770
2026-06-15 17:36:49,796 [    INFO] 
────────────────────────────────────────────────────────────
2026-06-15 17:36:49,796 [    INFO] Processing fork: vishal18713 — https://github.com/vishal18713/Blockchain
2026-06-15 17:36:50,170 [    INFO]   Branch 'assignment3' found ✓
2026-06-15 17:36:51,156 [    INFO]   Copied 17 file(s) → /home/vishal/projects/Blockchain/submissions/vishal18713
2026-06-15 17:36:51,156 [    INFO] 
────────────────────────────────────────────────────────────
2026-06-15 17:36:51,156 [    INFO] Processing fork: psg-19 — https://github.com/psg-19/Blockchain
2026-06-15 17:36:51,528 [    INFO]   Branch 'assignment3' NOT FOUND — skipping
2026-06-15 17:36:51,528 [    INFO] 
────────────────────────────────────────────────────────────
2026-06-15 17:36:51,528 [    INFO] Processing fork: justkarsh — https://github.com/justkarsh/Blockchain-Utkarsh-Gupta-
2026-06-15 17:36:52,166 [    INFO]   Branch 'assignment3' NOT FOUND — skipping
2026-06-15 17:36:52,167 [    INFO] 
────────────────────────────────────────────────────────────
2026-06-15 17:36:52,167 [    INFO] Processing fork: ShrishtiDubey27 — https://github.com/ShrishtiDubey27/Blockchain
2026-06-15 17:36:52,809 [    INFO]   Branch 'assignment3' NOT FOUND — skipping
2026-06-15 17:36:52,809 [    INFO] 
────────────────────────────────────────────────────────────
2026-06-15 17:36:52,809 [    INFO] Processing fork: ananyavarshney1 — https://github.com/ananyavarshney1/Blockchain
2026-06-15 17:36:53,430 [    INFO]   Branch 'assignment3' NOT FOUND — skipping
2026-06-15 17:36:53,430 [    INFO] 
────────────────────────────────────────────────────────────
2026-06-15 17:36:53,430 [    INFO] Processing fork: Shashank1913 — https://github.com/Shashank1913/Blockchain
2026-06-15 17:36:54,028 [    INFO]   Branch 'assignment3' NOT FOUND — skipping
2026-06-15 17:36:54,028 [    INFO] 
────────────────────────────────────────────────────────────
2026-06-15 17:36:54,028 [    INFO] Processing fork: Amritanshu05 — https://github.com/Amritanshu05/Blockchain
2026-06-15 17:36:54,675 [    INFO]   Branch 'assignment3' NOT FOUND — skipping
2026-06-15 17:36:54,675 [    INFO] 
────────────────────────────────────────────────────────────
2026-06-15 17:36:54,675 [    INFO] Processing fork: Akhandp10 — https://github.com/Akhandp10/Blockchain
2026-06-15 17:36:55,302 [    INFO]   Branch 'assignment3' NOT FOUND — skipping
2026-06-15 17:36:55,302 [    INFO] 
────────────────────────────────────────────────────────────
2026-06-15 17:36:55,303 [    INFO] Processing fork: Abhinavsagarr — https://github.com/Abhinavsagarr/Blockchain-acads
2026-06-15 17:36:55,927 [    INFO]   Branch 'assignment3' NOT FOUND — skipping
2026-06-15 17:36:55,927 [    INFO] 
────────────────────────────────────────────────────────────
2026-06-15 17:36:55,928 [    INFO] Processing fork: AyushiiiAwasthi — https://github.com/AyushiiiAwasthi/Blockchain_Ayushi_LCI2023007
2026-06-15 17:36:56,655 [    INFO]   Branch 'assignment3' found ✓
2026-06-15 17:36:57,654 [    INFO]   Copied 4 file(s) → /home/vishal/projects/Blockchain/submissions/AyushiiiAwasthi
2026-06-15 17:36:57,654 [    INFO] 
────────────────────────────────────────────────────────────
2026-06-15 17:36:57,654 [    INFO] Processing fork: Swyamk — https://github.com/Swyamk/Blockchain-acads
2026-06-15 17:36:58,033 [    INFO]   Branch 'assignment3' NOT FOUND — skipping
2026-06-15 17:36:58,034 [    INFO] 
────────────────────────────────────────────────────────────
2026-06-15 17:36:58,034 [    INFO] Processing fork: anadimehta — https://github.com/anadimehta/Blockchain
2026-06-15 17:36:58,666 [    INFO]   Branch 'assignment3' NOT FOUND — skipping
2026-06-15 17:36:58,666 [    INFO] 
────────────────────────────────────────────────────────────
2026-06-15 17:36:58,667 [    INFO] Processing fork: anadi-mehta — https://github.com/anadi-mehta/Blockchain
2026-06-15 17:36:59,324 [    INFO]   Branch 'assignment3' NOT FOUND — skipping
2026-06-15 17:36:59,325 [    INFO] 
────────────────────────────────────────────────────────────
2026-06-15 17:36:59,325 [    INFO] Processing fork: muskan191103 — https://github.com/muskan191103/Blockchain
2026-06-15 17:36:59,962 [    INFO]   Branch 'assignment3' found ✓
2026-06-15 17:37:00,989 [    INFO]   Copied 20 file(s) → /home/vishal/projects/Blockchain/submissions/muskan191103
2026-06-15 17:37:00,989 [    INFO] 
────────────────────────────────────────────────────────────
2026-06-15 17:37:00,989 [    INFO] Processing fork: ananyakuchhal — https://github.com/ananyakuchhal/Blockchain
2026-06-15 17:37:01,357 [    INFO]   Branch 'assignment3' NOT FOUND — skipping
2026-06-15 17:37:01,357 [    INFO] 
────────────────────────────────────────────────────────────
2026-06-15 17:37:01,357 [    INFO] Processing fork: emoanushka — https://github.com/emoanushka/Blockchain
2026-06-15 17:37:01,994 [    INFO]   Branch 'assignment3' NOT FOUND — skipping
2026-06-15 17:37:01,994 [    INFO] 
────────────────────────────────────────────────────────────
2026-06-15 17:37:01,994 [    INFO] Processing fork: eshant742 — https://github.com/eshant742/Blockchain_LCB2023016_EshantGupta
2026-06-15 17:37:02,605 [    INFO]   Branch 'assignment3' NOT FOUND — skipping
2026-06-15 17:37:02,605 [    INFO] 
────────────────────────────────────────────────────────────
2026-06-15 17:37:02,605 [    INFO] Processing fork: erinhdsilva — https://github.com/erinhdsilva/Blockchain
2026-06-15 17:37:03,326 [    INFO]   Branch 'assignment3' found ✓
2026-06-15 17:37:04,701 [    INFO]   Copied 410 file(s) → /home/vishal/projects/Blockchain/submissions/erinhdsilva
2026-06-15 17:37:04,701 [    INFO] 
────────────────────────────────────────────────────────────
2026-06-15 17:37:04,701 [    INFO] Processing fork: Priyanshushah1804 — https://github.com/Priyanshushah1804/Blockchain
2026-06-15 17:37:05,202 [    INFO]   Branch 'assignment3' NOT FOUND — skipping
2026-06-15 17:37:05,202 [    INFO] 
────────────────────────────────────────────────────────────
2026-06-15 17:37:05,202 [    INFO] Processing fork: nithincod — https://github.com/nithincod/Blockchain
2026-06-15 17:37:05,822 [    INFO]   Branch 'assignment3' NOT FOUND — skipping
2026-06-15 17:37:05,822 [    INFO] 
────────────────────────────────────────────────────────────
2026-06-15 17:37:05,822 [    INFO] Processing fork: Shresth17 — https://github.com/Shresth17/Blockchain
2026-06-15 17:37:06,475 [    INFO]   Branch 'assignment3' NOT FOUND — skipping
2026-06-15 17:37:06,475 [    INFO] 
────────────────────────────────────────────────────────────
2026-06-15 17:37:06,475 [    INFO] Processing fork: khushalmidha — https://github.com/khushalmidha/Blockchain
2026-06-15 17:37:07,091 [    INFO]   Branch 'assignment3' NOT FOUND — skipping
2026-06-15 17:37:07,125 [    INFO] 
════════════════════════════════════════════════════════════
2026-06-15 17:37:07,125 [    INFO] Collection complete. Processed 62 fork(s).
2026-06-15 17:37:07,127 [    INFO] JSON report → /home/vishal/projects/Blockchain/submission_report.json
2026-06-15 17:37:07,128 [    INFO] Text report  → /home/vishal/projects/Blockchain/submission_report.txt
2026-06-15 17:37:07,130 [    INFO] 
Committing and pushing to main repository…
